<?xml version="1.0" encoding="UTF-8"?>
<!-- Generated by org.testng.reporters.JUnitXMLReporter -->
<testsuite ignored="1" hostname="LAPTOP-CNSGLOJC" failures="0" tests="2" name="GRP-reg,smoke" time="0.067" errors="0" timestamp="2022-11-01T11:58:30 IST">
  <testcase classname="TestNGbasics.First" name="testC" time="0.012"/>
  <testcase classname="TestNGbasics.First" name="testA" time="0.002"/>
  <testcase classname="TestNGbasics.First" name="testB" time="0.0">
    <ignored/>
  </testcase> <!-- testB -->
</testsuite> <!-- GRP-reg,smoke -->
