<?xml version="1.0" encoding="UTF-8"?>
<!-- Generated by org.testng.reporters.JUnitXMLReporter -->
<testsuite ignored="0" hostname="LAPTOP-CNSGLOJC" failures="0" tests="4" name="Default test" time="11.836" errors="0" timestamp="2022-11-02T12:36:57 IST">
  <testcase classname="TestNGbasics.TestNGTest1" name="firstTryItUrself" time="0.89"/>
  <testcase classname="TestNGbasics.TestNGTest1" name="logoTest" time="0.056"/>
  <testcase classname="TestNGbasics.TestNGTest1" name="secondTryItUrself" time="0.682"/>
  <testcase classname="TestNGbasics.TestNGTest1" name="urlTest" time="0.008"/>
</testsuite> <!-- Default test -->
