<?xml version="1.0" encoding="UTF-8"?>
<!-- Generated by org.testng.reporters.JUnitXMLReporter -->
<testsuite ignored="0" hostname="LAPTOP-CNSGLOJC" failures="0" tests="4" name="Homepagetest" time="7.796" errors="0" timestamp="2022-11-02T13:04:02 IST">
  <testcase classname="TestNGbasics.TestNGTest1" name="urlTest" time="0.016"/>
  <testcase classname="TestNGbasics.TestNGTest1" name="logoTest" time="0.06"/>
  <testcase classname="TestNGbasics.TestNGTest1" name="firstTryItUrself" time="1.062"/>
  <testcase classname="TestNGbasics.TestNGTest1" name="secondTryItUrself" time="0.67"/>
</testsuite> <!-- Homepagetest -->
