<?xml version="1.0" encoding="UTF-8"?>
<testng-results ignored="0" total="4" passed="4" failed="0" skipped="0">
  <reporter-output>
  </reporter-output>
  <suite started-at="2022-11-02T13:03:55 IST" name="Regression" finished-at="2022-11-02T13:04:02 IST" duration-ms="7796">
    <groups>
    </groups>
    <test started-at="2022-11-02T13:03:55 IST" name="Homepagetest" finished-at="2022-11-02T13:04:02 IST" duration-ms="7796">
      <class name="TestNGbasics.TestNGTest1">
        <test-method is-config="true" signature="setup(java.lang.String)[pri:0, instance:TestNGbasics.TestNGTest1@27ff5d15]" started-at="2022-11-02T13:03:55 IST" name="setup" finished-at="2022-11-02T13:03:56 IST" duration-ms="1910" status="PASS">
          <params>
            <param index="0">
              <value>
                <![CDATA[edge]]>
              </value>
            </param>
          </params>
          <reporter-output>
          </reporter-output>
        </test-method> <!-- setup -->
        <test-method is-config="true" signature="launchUrl(java.lang.String)[pri:0, instance:TestNGbasics.TestNGTest1@27ff5d15]" started-at="2022-11-02T13:03:56 IST" name="launchUrl" finished-at="2022-11-02T13:04:00 IST" duration-ms="3815" status="PASS">
          <params>
            <param index="0">
              <value>
                <![CDATA[https://www.w3schools.com/]]>
              </value>
            </param>
          </params>
          <reporter-output>
          </reporter-output>
        </test-method> <!-- launchUrl -->
        <test-method signature="urlTest(java.lang.String)[pri:1, instance:TestNGbasics.TestNGTest1@27ff5d15]" started-at="2022-11-02T13:04:00 IST" name="urlTest" finished-at="2022-11-02T13:04:00 IST" duration-ms="16" status="PASS">
          <params>
            <param index="0">
              <value>
                <![CDATA[https://www.w3schools.com/]]>
              </value>
            </param>
          </params>
          <reporter-output>
          </reporter-output>
        </test-method> <!-- urlTest -->
        <test-method signature="logoTest()[pri:2, instance:TestNGbasics.TestNGTest1@27ff5d15]" started-at="2022-11-02T13:04:00 IST" name="logoTest" finished-at="2022-11-02T13:04:00 IST" depends-on-methods="TestNGbasics.TestNGTest1.urlTest" duration-ms="60" status="PASS">
          <reporter-output>
          </reporter-output>
        </test-method> <!-- logoTest -->
        <test-method signature="firstTryItUrself()[pri:3, instance:TestNGbasics.TestNGTest1@27ff5d15]" started-at="2022-11-02T13:04:00 IST" name="firstTryItUrself" finished-at="2022-11-02T13:04:01 IST" duration-ms="1062" status="PASS">
          <reporter-output>
          </reporter-output>
        </test-method> <!-- firstTryItUrself -->
        <test-method signature="secondTryItUrself()[pri:4, instance:TestNGbasics.TestNGTest1@27ff5d15]" started-at="2022-11-02T13:04:01 IST" name="secondTryItUrself" finished-at="2022-11-02T13:04:02 IST" duration-ms="670" status="PASS">
          <reporter-output>
          </reporter-output>
        </test-method> <!-- secondTryItUrself -->
        <test-method is-config="true" signature="closeBrowser()[pri:0, instance:TestNGbasics.TestNGTest1@27ff5d15]" started-at="2022-11-02T13:04:02 IST" name="closeBrowser" finished-at="2022-11-02T13:04:02 IST" duration-ms="225" status="PASS">
          <reporter-output>
          </reporter-output>
        </test-method> <!-- closeBrowser -->
      </class> <!-- TestNGbasics.TestNGTest1 -->
    </test> <!-- Homepagetest -->
  </suite> <!-- Regression -->
</testng-results>
